<?xml version="1.0" encoding="UTF-8"?>
<testsuite xmlns:xsi="http://www.w3.org/2001/XMLSchema-instance" xsi:noNamespaceSchemaLocation="https://maven.apache.org/surefire/maven-surefire-plugin/xsd/surefire-test-report.xsd" name="TestTest" time="0.022" tests="7" errors="0" skipped="0" failures="0">
  <properties>
[...]
</properties>
  <testcase name="geefKortingControle" classname="TestTest" time="0.011"/>
  <testcase name="reviewsGegeven" classname="TestTest" time="0"/>
  <testcase name="korting60Maanden" classname="TestTest" time="0.001"/>
  <testcase name="combineSet" classname="TestTest" time="0.005"/>
  <testcase name="geldPerAangeschafteProduct" classname="TestTest" time="0.001"/>
  <testcase name="allKorting" classname="TestTest" time="0"/>
  <testcase name="getPs4Controller" classname="TestTest" time="0.001"/>
</testsuite>